<?xml version="1.0" encoding="UTF-8"?>
<!-- Generated by org.testng.reporters.JUnitReportReporter -->
<testsuite hostname="UPOMA-PC" failures="0" tests="1" name="variousconcept.learnTestNG" time="32.093" errors="0" timestamp="04 May 2023 14:28:22 GMT" skipped="0">
  <testcase classname="variousconcept.learnTestNG" name="addCustomer" time="32.093"/>
</testsuite> <!-- variousconcept.learnTestNG -->
